
ROM used:   1994/2048 (97%)
            1994/2048 (97%) including unused fragments

            0.3 Average locations per line
            1.5 Average locations per statement

RAM used:   70/128 (55%) at main() level
            87/128 (68%) worst case

Stack used: 5 worst case (3 in main + 2 for interrupts)
Stack size: 8

Lines Stmts  %   Files
----- ----- ---  -----
  999   548  43  slave.c
   17     0   0  slave.h
  619     0   0  C:\Program Files (x86)\PICC\devices\16F684.h
 2229   257  20  C:\Program Files (x86)\PICC\drivers\math.h
 1351   359  28  C:\Program Files (x86)\PICC\drivers\STDLIB.H
   32     0   0  C:\Program Files (x86)\PICC\drivers\stddef.h
  423   125  10  C:\Program Files (x86)\PICC\drivers\string.h
   28     0   0  C:\Program Files (x86)\PICC\drivers\ctype.h
----- -----
 5698  1289 Total

Page ROM  %  RAM   Vol Diff  Functions:
---- --- --- ---   --- ----  ----------
0     42   2   13             @MUL3232
 Inline         1             @delay_ms2
 Inline         1             @delay_us2
0     27   1    0   420  3.8  EXT_isr
0    200  10    1   764  6.7  TIMER1_isr
0     37   2    1   221  5.3  RTCC_isr
0    296  15    2  1762  9.3  MAIN
0     72   4    1   613  5.3  init
0    796  40    0    59  1.9  handle
0     83   4    1   759  4.3  txmit1
 Inline         1   576  4.8  txmit0
0    111   6    3   643  8.3  txmit
0     29   1    1    56  1.9  stopbit
 Inline         2  2181  8.4  readData
0     27   1    0   444  4.3  copyData
 Inline         2  6083 11.9  commands
0      6   0    0    42  1.7  lamp_on
0      4   0    0    42  1.7  lamp_off
0     76   4    1   412  4.7  SetDimmLevel
0    124   6    2   505  2.4  init_from_eeprom
 Inline         0             @cinit1

Program metrics:
    Functions               17
    Statements              1289
    Comments                1413
    Volume (V)              23171
    Difficulty (D)          89.0
    Effort to implement (E) 2061743
    Time to implement (T)   31 hours, 49 minutes
    Est Delivered Bugs (B)  5
    Cyclomatic Complexity   94
    Maintainability (MI)    112

 Segment     Used  Free
-----------  ----  ----
00000-00003     4  0  
00004-0003F    60  0  
00040-007FF  1930  54  



